<?xml version="1.0" encoding="UTF-8"?>
<robot generator="Robot 7.1.1 (Python 3.12.8 on linux)" generated="2025-01-10T09:52:45.941061" rpa="false" schemaversion="5">
<suite id="s1" name="Signup" source="/home/userpontows/Documents/QAx/projetos/Robot-eXpress/tests-gui/signup.robot">
<test id="s1-t1" name="Deve poder cadastrar um novo usuario" line="7">
<kw name="Set Variable" owner="BuiltIn">
<msg time="2025-01-10T09:52:46.359749" level="INFO">${name} = Lucas</msg>
<var>${name}</var>
<arg>Lucas</arg>
<doc>Returns the given values which can then be assigned to a variables.</doc>
<status status="PASS" start="2025-01-10T09:52:46.359306" elapsed="0.001263"/>
</kw>
<kw name="Set Variable" owner="BuiltIn">
<msg time="2025-01-10T09:52:46.361252" level="INFO">${email} = lucas@gmail.com</msg>
<var>${email}</var>
<arg>lucas@gmail.com</arg>
<doc>Returns the given values which can then be assigned to a variables.</doc>
<status status="PASS" start="2025-01-10T09:52:46.360884" elapsed="0.000513"/>
</kw>
<kw name="Set Variable" owner="BuiltIn">
<msg time="2025-01-10T09:52:46.362360" level="INFO">${password} = pwd123</msg>
<var>${password}</var>
<arg>pwd123</arg>
<doc>Returns the given values which can then be assigned to a variables.</doc>
<status status="PASS" start="2025-01-10T09:52:46.361669" elapsed="0.001342"/>
</kw>
<kw name="Remove user from database" owner="database">
<msg time="2025-01-10T09:52:46.593885" level="INFO">removing user by lucas@gmail.com</msg>
<arg>${email}</arg>
<status status="PASS" start="2025-01-10T09:52:46.363495" elapsed="0.230921"/>
</kw>
<kw name="Start Session" owner="base">
<kw name="New Browser" owner="Browser">
<msg time="2025-01-10T09:52:46.602742" level="INFO">{"browser": "chromium", "headless": false, "chromiumSandbox": false, "devtools": false, "handleSIGHUP": true, "handleSIGINT": true, "handleSIGTERM": true, "slowMo": 0.0, "timeout": 30000.0, "tracesDir": "/home/userpontows/Documents/QAx/projetos/Robot-eXpress/browser/traces/temp/56b2979d-c5bf-4683-9500-8acfb9e9bfc2"}</msg>
<msg time="2025-01-10T09:52:46.610722" level="INFO">Starting Browser process /home/userpontows/Documents/QAx/projetos/Robot-eXpress/robot-venv/lib/python3.12/site-packages/Browser/wrapper/index.js using port 39255</msg>
<msg time="2025-01-10T09:52:46.610960" level="INFO">Node startup parameters: ['node', '/home/userpontows/Documents/QAx/projetos/Robot-eXpress/robot-venv/lib/python3.12/site-packages/Browser/wrapper/index.js', '39255']</msg>
<msg time="2025-01-10T09:52:47.966805" level="INFO">Successfully created browser with options: {"browser":"chromium","headless":false,"chromiumSandbox":false,"devtools":false,"handleSIGHUP":true,"handleSIGINT":true,"handleSIGTERM":true,"slowMo":0,"timeout":30000,"tracesDir":"/home/userpontows/Documents/QAx/projetos/Robot-eXpress/browser/traces/temp/56b2979d-c5bf-4683-9500-8acfb9e9bfc2"}</msg>
<arg>browser=chromium</arg>
<arg>headless=False</arg>
<tag>BrowserControl</tag>
<tag>Setter</tag>
<doc>Create a new playwright Browser with specified options.</doc>
<status status="PASS" start="2025-01-10T09:52:46.600552" elapsed="1.366589"/>
</kw>
<kw name="New Page" owner="Browser">
<msg time="2025-01-10T09:52:48.740401" level="INFO">Successfully initialized new page object and opened url: http://localhost:3000/</msg>
<msg time="2025-01-10T09:52:48.740684" level="INFO">No context was open. New context was automatically opened when this page is created.</msg>
<arg>http://localhost:3000/</arg>
<tag>BrowserControl</tag>
<tag>Setter</tag>
<doc>Open a new Page.</doc>
<status status="PASS" start="2025-01-10T09:52:47.967377" elapsed="0.773576"/>
</kw>
<status status="PASS" start="2025-01-10T09:52:46.597135" elapsed="2.144107"/>
</kw>
<kw name="Go To" owner="Browser">
<msg time="2025-01-10T09:52:48.878852" level="INFO">Successfully opened URL http://localhost:3000/signup</msg>
<arg>http://localhost:3000/signup</arg>
<tag>BrowserControl</tag>
<tag>Setter</tag>
<doc>Navigates to the given ``url``.</doc>
<status status="PASS" start="2025-01-10T09:52:48.742562" elapsed="0.142451"/>
</kw>
<kw name="Wait For Elements State" owner="Browser">
<msg time="2025-01-10T09:52:48.970687" level="INFO">Waited for Element with selector xpath=//h1[text()="Faça seu cadastro"] at state visible</msg>
<arg>xpath=//h1[text()="Faça seu cadastro"]</arg>
<arg>visible</arg>
<arg>5</arg>
<tag>PageContent</tag>
<tag>Wait</tag>
<doc>Waits for the element found by ``selector`` to satisfy state option.</doc>
<status status="PASS" start="2025-01-10T09:52:48.886804" elapsed="0.084188"/>
</kw>
<kw name="Get Text" owner="Browser">
<msg time="2025-01-10T09:52:49.045472" level="INFO">Text: 'Faça seu cadastro'</msg>
<arg>xpath=//h1[text()="Faça seu cadastro"]</arg>
<arg>equal</arg>
<arg>Faça seu cadastro</arg>
<tag>Assertion</tag>
<tag>Getter</tag>
<tag>PageContent</tag>
<doc>Returns text attribute of the element found by ``selector``.</doc>
<status status="PASS" start="2025-01-10T09:52:48.971309" elapsed="0.080603"/>
</kw>
<kw name="Fill Text" owner="Browser">
<msg time="2025-01-10T09:52:49.053454" level="INFO">Fills the text 'Lucas' in the given field.</msg>
<arg>id=name</arg>
<arg>${name}</arg>
<tag>PageContent</tag>
<tag>Setter</tag>
<doc>Clears and fills the given ``txt`` into the text field found by ``selector``.</doc>
<status status="PASS" start="2025-01-10T09:52:49.052683" elapsed="0.056796"/>
</kw>
<kw name="Fill Text" owner="Browser">
<msg time="2025-01-10T09:52:49.112871" level="INFO">Fills the text 'lucas@gmail.com' in the given field.</msg>
<arg>id=email</arg>
<arg>${email}</arg>
<tag>PageContent</tag>
<tag>Setter</tag>
<doc>Clears and fills the given ``txt`` into the text field found by ``selector``.</doc>
<status status="PASS" start="2025-01-10T09:52:49.112114" elapsed="0.046586"/>
</kw>
<kw name="Fill Text" owner="Browser">
<msg time="2025-01-10T09:52:49.160515" level="INFO">Fills the text 'pwd123' in the given field.</msg>
<arg>id=password</arg>
<arg>${password}</arg>
<tag>PageContent</tag>
<tag>Setter</tag>
<doc>Clears and fills the given ``txt`` into the text field found by ``selector``.</doc>
<status status="PASS" start="2025-01-10T09:52:49.159463" elapsed="0.033380"/>
</kw>
<kw name="Click" owner="Browser">
<msg time="2025-01-10T09:52:49.195155" level="INFO">Clicks the element 'id=buttonSignup'.</msg>
<arg>id=buttonSignup</arg>
<tag>PageContent</tag>
<tag>Setter</tag>
<doc>Simulates mouse click on the element found by ``selector``.</doc>
<status status="PASS" start="2025-01-10T09:52:49.194486" elapsed="0.082524"/>
</kw>
<kw name="Wait For Elements State" owner="Browser">
<msg time="2025-01-10T09:52:49.326886" level="INFO">Waited for Element with selector css=.notice p at state visible</msg>
<arg>css=.notice p</arg>
<arg>visible</arg>
<arg>5</arg>
<tag>PageContent</tag>
<tag>Wait</tag>
<doc>Waits for the element found by ``selector`` to satisfy state option.</doc>
<status status="PASS" start="2025-01-10T09:52:49.277476" elapsed="0.049732"/>
</kw>
<kw name="Get Text" owner="Browser">
<msg time="2025-01-10T09:52:50.411658" level="INFO">Text: 'Oops! Já existe uma conta com o e-mail informado.'</msg>
<msg time="2025-01-10T09:52:50.686380" level="INFO" html="true">&lt;/td&gt;&lt;/tr&gt;&lt;tr&gt;&lt;td colspan="3"&gt;&lt;a href="browser/screenshot/fail-screenshot-1.png" target="_blank"&gt;&lt;img src="browser/screenshot/fail-screenshot-1.png" width="800px"/&gt;&lt;/a&gt;</msg>
<msg time="2025-01-10T09:52:50.687532" level="INFO">See also file:///home/userpontows/Documents/QAx/projetos/Robot-eXpress/playwright-log.txt for additional details.</msg>
<msg time="2025-01-10T09:52:50.688136" level="FAIL">Text 'Oops! Já existe uma conta com o e-mail informado.' (str) should be 'Boas vindas ao Mark85, o seu gerenciador de tarefas.' (str)</msg>
<arg>css=.notice p</arg>
<arg>equal</arg>
<arg>Boas vindas ao Mark85, o seu gerenciador de tarefas.</arg>
<tag>Assertion</tag>
<tag>Getter</tag>
<tag>PageContent</tag>
<doc>Returns text attribute of the element found by ``selector``.</doc>
<status status="FAIL" start="2025-01-10T09:52:49.327530" elapsed="1.368963">Text 'Oops! Já existe uma conta com o e-mail informado.' (str) should be 'Boas vindas ao Mark85, o seu gerenciador de tarefas.' (str)</status>
</kw>
<status status="FAIL" start="2025-01-10T09:52:46.358149" elapsed="4.341016">Text 'Oops! Já existe uma conta com o e-mail informado.' (str) should be 'Boas vindas ao Mark85, o seu gerenciador de tarefas.' (str)</status>
</test>
<status status="FAIL" start="2025-01-10T09:52:45.948206" elapsed="4.846949"/>
</suite>
<statistics>
<total>
<stat pass="0" fail="1" skip="0">All Tests</stat>
</total>
<tag>
</tag>
<suite>
<stat pass="0" fail="1" skip="0" id="s1" name="Signup">Signup</stat>
</suite>
</statistics>
<errors>
</errors>
</robot>
