<?xml version="1.0" encoding="UTF-8"?>
<robot generator="Robot 7.1.1 (Python 3.12.3 on linux)" generated="2024-12-18T08:41:34.258190" rpa="false" schemaversion="5">
<suite id="s1" name="Signup" source="/home/ponto-ws/Documents/QAx/projects/Robot-eXpress/tests-gui/signup.robot">
<test id="s1-t1" name="Deve poder cadastrar um novo usuario" line="16">
<kw name="Remove user from database" owner="database">
<msg time="2024-12-18T08:41:34.965493" level="INFO">removing user by lucas@gmail.com</msg>
<arg>${email}</arg>
<status status="PASS" start="2024-12-18T08:41:34.715206" elapsed="0.250624"/>
</kw>
<kw name="Start Session" owner="base">
<kw name="New Browser" owner="Browser">
<msg time="2024-12-18T08:41:34.970780" level="INFO">{"browser": "chromium", "headless": false, "chromiumSandbox": false, "devtools": false, "handleSIGHUP": true, "handleSIGINT": true, "handleSIGTERM": true, "slowMo": 0.0, "timeout": 30000.0, "tracesDir": "/home/ponto-ws/Documents/QAx/projects/Robot-eXpress/tests-gui/logs/browser/traces/temp/82147c6f-2566-4af1-b3c5-ce3c1324e74d"}</msg>
<msg time="2024-12-18T08:41:34.981839" level="INFO">Starting Browser process /home/ponto-ws/Documents/QAx/projects/Robot-eXpress/roboteXpress/lib/python3.12/site-packages/Browser/wrapper/index.js using port 37575</msg>
<msg time="2024-12-18T08:41:34.981941" level="INFO">Node startup parameters: ['node', '/home/ponto-ws/Documents/QAx/projects/Robot-eXpress/roboteXpress/lib/python3.12/site-packages/Browser/wrapper/index.js', '37575']</msg>
<msg time="2024-12-18T08:41:35.680946" level="INFO">Successfully created browser with options: {"browser":"chromium","headless":false,"chromiumSandbox":false,"devtools":false,"handleSIGHUP":true,"handleSIGINT":true,"handleSIGTERM":true,"slowMo":0,"timeout":30000,"tracesDir":"/home/ponto-ws/Documents/QAx/projects/Robot-eXpress/tests-gui/logs/browser/traces/temp/82147c6f-2566-4af1-b3c5-ce3c1324e74d"}</msg>
<arg>browser=chromium</arg>
<arg>headless=False</arg>
<tag>BrowserControl</tag>
<tag>Setter</tag>
<doc>Create a new playwright Browser with specified options.</doc>
<status status="PASS" start="2024-12-18T08:41:34.968302" elapsed="0.712825"/>
</kw>
<kw name="New Page" owner="Browser">
<msg time="2024-12-18T08:41:36.455102" level="INFO">Successfully initialized new page object and opened url: http://localhost:3000/</msg>
<msg time="2024-12-18T08:41:36.455244" level="INFO">No context was open. New context was automatically opened when this page is created.</msg>
<arg>http://localhost:3000/</arg>
<tag>BrowserControl</tag>
<tag>Setter</tag>
<doc>Open a new Page.</doc>
<status status="PASS" start="2024-12-18T08:41:35.681330" elapsed="0.774146"/>
</kw>
<status status="PASS" start="2024-12-18T08:41:34.966905" elapsed="1.488797"/>
</kw>
<kw name="Go To" owner="Browser">
<msg time="2024-12-18T08:41:36.563451" level="INFO">Successfully opened URL http://localhost:3000/signup</msg>
<arg>http://localhost:3000/signup</arg>
<tag>BrowserControl</tag>
<tag>Setter</tag>
<doc>Navigates to the given ``url``.</doc>
<status status="PASS" start="2024-12-18T08:41:36.456469" elapsed="0.107229"/>
</kw>
<kw name="Wait For Elements State" owner="Browser">
<msg time="2024-12-18T08:41:36.674848" level="INFO">Waited for Element with selector xpath=//h1[text()="Faça seu cadastro"] at state visible</msg>
<arg>xpath=//h1[text()="Faça seu cadastro"]</arg>
<arg>visible</arg>
<arg>5</arg>
<tag>PageContent</tag>
<tag>Wait</tag>
<doc>Waits for the element found by ``selector`` to satisfy state option.</doc>
<status status="PASS" start="2024-12-18T08:41:36.565128" elapsed="0.109905"/>
</kw>
<kw name="Get Text" owner="Browser">
<msg time="2024-12-18T08:41:36.726116" level="INFO">Text: 'Faça seu cadastro'</msg>
<arg>xpath=//h1[text()="Faça seu cadastro"]</arg>
<arg>equal</arg>
<arg>Faça seu cadastro</arg>
<tag>Assertion</tag>
<tag>Getter</tag>
<tag>PageContent</tag>
<doc>Returns text attribute of the element found by ``selector``.</doc>
<status status="PASS" start="2024-12-18T08:41:36.675387" elapsed="0.050830"/>
</kw>
<kw name="Fill Text" owner="Browser">
<msg time="2024-12-18T08:41:36.727431" level="INFO">Fills the text 'Lucas' in the given field.</msg>
<arg>id=name</arg>
<arg>${name}</arg>
<tag>PageContent</tag>
<tag>Setter</tag>
<doc>Clears and fills the given ``txt`` into the text field found by ``selector``.</doc>
<status status="PASS" start="2024-12-18T08:41:36.726614" elapsed="0.030671"/>
</kw>
<kw name="Fill Text" owner="Browser">
<msg time="2024-12-18T08:41:36.758778" level="INFO">Fills the text 'lucas@gmail.com' in the given field.</msg>
<arg>id=email</arg>
<arg>${email}</arg>
<tag>PageContent</tag>
<tag>Setter</tag>
<doc>Clears and fills the given ``txt`` into the text field found by ``selector``.</doc>
<status status="PASS" start="2024-12-18T08:41:36.757801" elapsed="0.016610"/>
</kw>
<kw name="Fill Text" owner="Browser">
<msg time="2024-12-18T08:41:36.775141" level="INFO">Fills the text 'pwd123' in the given field.</msg>
<arg>id=password</arg>
<arg>${password}</arg>
<tag>PageContent</tag>
<tag>Setter</tag>
<doc>Clears and fills the given ``txt`` into the text field found by ``selector``.</doc>
<status status="PASS" start="2024-12-18T08:41:36.774669" elapsed="0.026511"/>
</kw>
<kw name="Click" owner="Browser">
<msg time="2024-12-18T08:41:36.802230" level="INFO">Clicks the element 'id=buttonSignup'.</msg>
<arg>id=buttonSignup</arg>
<tag>PageContent</tag>
<tag>Setter</tag>
<doc>Simulates mouse click on the element found by ``selector``.</doc>
<status status="PASS" start="2024-12-18T08:41:36.801495" elapsed="0.120073"/>
</kw>
<kw name="Wait For Elements State" owner="Browser">
<msg time="2024-12-18T08:41:37.143504" level="INFO">Waited for Element with selector css=.notice p at state visible</msg>
<arg>css=.notice p</arg>
<arg>visible</arg>
<arg>5</arg>
<tag>PageContent</tag>
<tag>Wait</tag>
<doc>Waits for the element found by ``selector`` to satisfy state option.</doc>
<status status="PASS" start="2024-12-18T08:41:36.922686" elapsed="0.221287"/>
</kw>
<kw name="Get Text" owner="Browser">
<msg time="2024-12-18T08:41:37.205542" level="INFO">Text: 'Boas vindas ao Mark85, o seu gerenciador de tarefas.'</msg>
<arg>css=.notice p</arg>
<arg>equal</arg>
<arg>Boas vindas ao Mark85, o seu gerenciador de tarefas.</arg>
<tag>Assertion</tag>
<tag>Getter</tag>
<tag>PageContent</tag>
<doc>Returns text attribute of the element found by ``selector``.</doc>
<status status="PASS" start="2024-12-18T08:41:37.144716" elapsed="0.061286"/>
</kw>
<status status="PASS" start="2024-12-18T08:41:34.713841" elapsed="2.492984"/>
</test>
<test id="s1-t2" name="Nao deve permitir o cadastro com email duplicado" line="35">
<kw name="Start Session" owner="base">
<kw name="New Browser" owner="Browser">
<msg time="2024-12-18T08:41:37.394706" level="INFO">Switching browser to browser=badc77c8-9469-411b-8ce6-a6fb3d813e81</msg>
<msg time="2024-12-18T08:41:37.397476" level="INFO">Successfully changed active browser: browser=badc77c8-9469-411b-8ce6-a6fb3d813e81</msg>
<msg time="2024-12-18T08:41:37.397584" level="INFO">Reusing existing browser with id: browser=badc77c8-9469-411b-8ce6-a6fb3d813e81</msg>
<arg>browser=chromium</arg>
<arg>headless=False</arg>
<tag>BrowserControl</tag>
<tag>Setter</tag>
<doc>Create a new playwright Browser with specified options.</doc>
<status status="PASS" start="2024-12-18T08:41:37.393566" elapsed="0.004100"/>
</kw>
<kw name="New Page" owner="Browser">
<msg time="2024-12-18T08:41:37.957011" level="INFO">Successfully initialized new page object and opened url: http://localhost:3000/</msg>
<msg time="2024-12-18T08:41:37.957192" level="INFO">No context was open. New context was automatically opened when this page is created.</msg>
<arg>http://localhost:3000/</arg>
<tag>BrowserControl</tag>
<tag>Setter</tag>
<doc>Open a new Page.</doc>
<status status="PASS" start="2024-12-18T08:41:37.397872" elapsed="0.559759"/>
</kw>
<status status="PASS" start="2024-12-18T08:41:37.392907" elapsed="0.565125"/>
</kw>
<kw name="Go To" owner="Browser">
<msg time="2024-12-18T08:41:38.094945" level="INFO">Successfully opened URL http://localhost:3000/signup</msg>
<arg>http://localhost:3000/signup</arg>
<tag>BrowserControl</tag>
<tag>Setter</tag>
<doc>Navigates to the given ``url``.</doc>
<status status="PASS" start="2024-12-18T08:41:37.958649" elapsed="0.136467"/>
</kw>
<kw name="Wait For Elements State" owner="Browser">
<msg time="2024-12-18T08:41:38.135976" level="INFO">Waited for Element with selector xpath=//h1[text()="Faça seu cadastro"] at state visible</msg>
<arg>xpath=//h1[text()="Faça seu cadastro"]</arg>
<arg>visible</arg>
<arg>5</arg>
<tag>PageContent</tag>
<tag>Wait</tag>
<doc>Waits for the element found by ``selector`` to satisfy state option.</doc>
<status status="PASS" start="2024-12-18T08:41:38.095498" elapsed="0.040864"/>
</kw>
<kw name="Get Text" owner="Browser">
<msg time="2024-12-18T08:41:38.180099" level="INFO">Text: 'Faça seu cadastro'</msg>
<arg>xpath=//h1[text()="Faça seu cadastro"]</arg>
<arg>equal</arg>
<arg>Faça seu cadastro</arg>
<tag>Assertion</tag>
<tag>Getter</tag>
<tag>PageContent</tag>
<doc>Returns text attribute of the element found by ``selector``.</doc>
<status status="PASS" start="2024-12-18T08:41:38.136921" elapsed="0.043424"/>
</kw>
<kw name="Fill Text" owner="Browser">
<msg time="2024-12-18T08:41:38.181815" level="INFO">Fills the text 'Lucas' in the given field.</msg>
<arg>id=name</arg>
<arg>${name}</arg>
<tag>PageContent</tag>
<tag>Setter</tag>
<doc>Clears and fills the given ``txt`` into the text field found by ``selector``.</doc>
<status status="PASS" start="2024-12-18T08:41:38.181012" elapsed="0.028023"/>
</kw>
<kw name="Fill Text" owner="Browser">
<msg time="2024-12-18T08:41:38.209879" level="INFO">Fills the text 'lucas@gmail.com' in the given field.</msg>
<arg>id=email</arg>
<arg>${email}</arg>
<tag>PageContent</tag>
<tag>Setter</tag>
<doc>Clears and fills the given ``txt`` into the text field found by ``selector``.</doc>
<status status="PASS" start="2024-12-18T08:41:38.209330" elapsed="0.026755"/>
</kw>
<kw name="Fill Text" owner="Browser">
<msg time="2024-12-18T08:41:38.237686" level="INFO">Fills the text 'pwd123' in the given field.</msg>
<arg>id=password</arg>
<arg>${password}</arg>
<tag>PageContent</tag>
<tag>Setter</tag>
<doc>Clears and fills the given ``txt`` into the text field found by ``selector``.</doc>
<status status="PASS" start="2024-12-18T08:41:38.236675" elapsed="0.023163"/>
</kw>
<kw name="Click" owner="Browser">
<msg time="2024-12-18T08:41:38.262179" level="INFO">Clicks the element 'id=buttonSignup'.</msg>
<arg>id=buttonSignup</arg>
<tag>PageContent</tag>
<tag>Setter</tag>
<doc>Simulates mouse click on the element found by ``selector``.</doc>
<status status="PASS" start="2024-12-18T08:41:38.260069" elapsed="0.067533"/>
</kw>
<kw name="Wait For Elements State" owner="Browser">
<msg time="2024-12-18T08:41:38.369886" level="INFO">Waited for Element with selector css=.notice p at state visible</msg>
<arg>css=.notice p</arg>
<arg>visible</arg>
<arg>5</arg>
<tag>PageContent</tag>
<tag>Wait</tag>
<doc>Waits for the element found by ``selector`` to satisfy state option.</doc>
<status status="PASS" start="2024-12-18T08:41:38.327884" elapsed="0.042512"/>
</kw>
<kw name="Get Text" owner="Browser">
<msg time="2024-12-18T08:41:38.401656" level="INFO">Text: 'Oops! Já existe uma conta com o e-mail informado.'</msg>
<arg>css=.notice p</arg>
<arg>equal</arg>
<arg>Oops! Já existe uma conta com o e-mail informado.</arg>
<tag>Assertion</tag>
<tag>Getter</tag>
<tag>PageContent</tag>
<doc>Returns text attribute of the element found by ``selector``.</doc>
<status status="PASS" start="2024-12-18T08:41:38.371208" elapsed="0.030763"/>
</kw>
<kw name="Remove user from database" owner="database">
<msg time="2024-12-18T08:41:38.431489" level="INFO">removing user by lucas@gmail.com</msg>
<arg>${email}</arg>
<status status="PASS" start="2024-12-18T08:41:38.402587" elapsed="0.029474"/>
</kw>
<status status="PASS" start="2024-12-18T08:41:37.386391" elapsed="1.046322"/>
</test>
<status status="PASS" start="2024-12-18T08:41:34.259615" elapsed="4.323329"/>
</suite>
<statistics>
<total>
<stat pass="2" fail="0" skip="0">All Tests</stat>
</total>
<tag>
</tag>
<suite>
<stat pass="2" fail="0" skip="0" id="s1" name="Signup">Signup</stat>
</suite>
</statistics>
<errors>
</errors>
</robot>
