<?xml version="1.0" encoding="UTF-8"?>
<robot generator="Robot 7.1.1 (Python 3.12.8 on linux)" generated="2025-01-12T22:04:21.343114" rpa="false" schemaversion="5">
<suite id="s1" name="Tests-Gui" source="/home/userpontows/Documents/QAx/projetos/Robot-eXpress/tests-gui">
<suite id="s1-s1" name="Online" source="/home/userpontows/Documents/QAx/projetos/Robot-eXpress/tests-gui/online.robot">
<test id="s1-s1-t1" name="Webapp deve estar online" line="7">
<kw name="New Browser" owner="Browser">
<msg time="2025-01-12T22:04:21.462727" level="INFO">{"browser": "chromium", "headless": false, "chromiumSandbox": false, "devtools": false, "handleSIGHUP": true, "handleSIGINT": true, "handleSIGTERM": true, "slowMo": 0.0, "timeout": 30000.0, "tracesDir": "/home/userpontows/Documents/QAx/projetos/Robot-eXpress/logs/browser/traces/temp/25992475-84ee-42d9-b1fb-7601089b8aeb"}</msg>
<msg time="2025-01-12T22:04:21.467042" level="INFO">Starting Browser process /home/userpontows/Documents/QAx/projetos/Robot-eXpress/robot-venv/lib/python3.12/site-packages/Browser/wrapper/index.js using port 51673</msg>
<msg time="2025-01-12T22:04:21.467127" level="INFO">Node startup parameters: ['node', '/home/userpontows/Documents/QAx/projetos/Robot-eXpress/robot-venv/lib/python3.12/site-packages/Browser/wrapper/index.js', '51673']</msg>
<msg time="2025-01-12T22:04:22.296094" level="INFO">Successfully created browser with options: {"browser":"chromium","headless":false,"chromiumSandbox":false,"devtools":false,"handleSIGHUP":true,"handleSIGINT":true,"handleSIGTERM":true,"slowMo":0,"timeout":30000,"tracesDir":"/home/userpontows/Documents/QAx/projetos/Robot-eXpress/logs/browser/traces/temp/25992475-84ee-42d9-b1fb-7601089b8aeb"}</msg>
<arg>browser=chromium</arg>
<arg>headless=False</arg>
<tag>BrowserControl</tag>
<tag>Setter</tag>
<doc>Create a new playwright Browser with specified options.</doc>
<status status="PASS" start="2025-01-12T22:04:21.461984" elapsed="0.834278"/>
</kw>
<kw name="New Page" owner="Browser">
<msg time="2025-01-12T22:04:22.919894" level="INFO">Successfully initialized new page object and opened url: http://localhost:3000</msg>
<msg time="2025-01-12T22:04:22.920110" level="INFO">No context was open. New context was automatically opened when this page is created.</msg>
<arg>http://localhost:3000</arg>
<tag>BrowserControl</tag>
<tag>Setter</tag>
<doc>Open a new Page.</doc>
<status status="PASS" start="2025-01-12T22:04:22.296588" elapsed="0.624006"/>
</kw>
<kw name="Get Title" owner="Browser">
<msg time="2025-01-12T22:04:22.957435" level="INFO">Title: 'Mark85 by QAx'</msg>
<arg>equal</arg>
<arg>Mark85 by QAx</arg>
<tag>Assertion</tag>
<tag>Getter</tag>
<tag>PageContent</tag>
<doc>Returns the title of the current page.</doc>
<status status="PASS" start="2025-01-12T22:04:22.921345" elapsed="0.036456"/>
</kw>
<status status="PASS" start="2025-01-12T22:04:21.461179" elapsed="1.498207"/>
</test>
<status status="PASS" start="2025-01-12T22:04:21.363605" elapsed="1.755761"/>
</suite>
<suite id="s1-s2" name="Signup" source="/home/userpontows/Documents/QAx/projetos/Robot-eXpress/tests-gui/signup.robot">
<test id="s1-s2-t1" name="Deve poder cadastrar um novo usuario" line="11">
<kw name="Start Session" owner="base" type="SETUP">
<kw name="New Browser" owner="Browser">
<msg time="2025-01-12T22:04:23.361830" level="INFO">Switching browser to browser=04dace75-3da4-4ecf-a4e2-aff0fcce99c8</msg>
<msg time="2025-01-12T22:04:23.363753" level="INFO">Successfully changed active browser: browser=04dace75-3da4-4ecf-a4e2-aff0fcce99c8</msg>
<msg time="2025-01-12T22:04:23.363832" level="INFO">Reusing existing browser with id: browser=04dace75-3da4-4ecf-a4e2-aff0fcce99c8</msg>
<arg>browser=chromium</arg>
<arg>headless=False</arg>
<tag>BrowserControl</tag>
<tag>Setter</tag>
<doc>Create a new playwright Browser with specified options.</doc>
<status status="PASS" start="2025-01-12T22:04:23.361372" elapsed="0.002516"/>
</kw>
<kw name="New Page" owner="Browser">
<msg time="2025-01-12T22:04:23.877266" level="INFO">Successfully initialized new page object and opened url: http://localhost:3000/</msg>
<msg time="2025-01-12T22:04:23.877491" level="INFO">No context was open. New context was automatically opened when this page is created.</msg>
<arg>http://localhost:3000/</arg>
<tag>BrowserControl</tag>
<tag>Setter</tag>
<doc>Open a new Page.</doc>
<status status="PASS" start="2025-01-12T22:04:23.364038" elapsed="0.513871"/>
</kw>
<status status="PASS" start="2025-01-12T22:04:23.360969" elapsed="0.517349"/>
</kw>
<kw name="Create Dictionary" owner="BuiltIn">
<msg time="2025-01-12T22:04:23.880652" level="INFO">${user} = {'name': 'Lucas', 'email': 'lucas@outlook.com', 'password': 'pwd123'}</msg>
<var>${user}</var>
<arg>name=Lucas</arg>
<arg>email=lucas@outlook.com</arg>
<arg>password=pwd123</arg>
<doc>Creates and returns a dictionary based on the given ``items``.</doc>
<status status="PASS" start="2025-01-12T22:04:23.879194" elapsed="0.001657"/>
</kw>
<kw name="Remove user from database" owner="database">
<msg time="2025-01-12T22:04:24.108797" level="INFO">removing user by lucas@outlook.com</msg>
<arg>${user}[email]</arg>
<status status="PASS" start="2025-01-12T22:04:23.881557" elapsed="0.227488"/>
</kw>
<kw name="Go to signup Page" owner="SignupPage">
<kw name="Go To" owner="Browser">
<msg time="2025-01-12T22:04:24.191718" level="INFO">Successfully opened URL http://localhost:3000/signup</msg>
<arg>${BASE_URL}/signup</arg>
<tag>BrowserControl</tag>
<tag>Setter</tag>
<doc>Navigates to the given ``url``.</doc>
<status status="PASS" start="2025-01-12T22:04:24.111144" elapsed="0.080758"/>
</kw>
<kw name="Wait For Elements State" owner="Browser">
<msg time="2025-01-12T22:04:24.235358" level="INFO">Waited for Element with selector xpath=//h1[text()="Faça seu cadastro"] at state visible</msg>
<arg>xpath=//h1[text()="Faça seu cadastro"]</arg>
<arg>visible</arg>
<arg>5</arg>
<tag>PageContent</tag>
<tag>Wait</tag>
<doc>Waits for the element found by ``selector`` to satisfy state option.</doc>
<status status="PASS" start="2025-01-12T22:04:24.192141" elapsed="0.043396"/>
</kw>
<kw name="Get Text" owner="Browser">
<msg time="2025-01-12T22:04:24.275204" level="INFO">Text: 'Faça seu cadastro'</msg>
<arg>xpath=//h1[text()="Faça seu cadastro"]</arg>
<arg>equal</arg>
<arg>Faça seu cadastro</arg>
<tag>Assertion</tag>
<tag>Getter</tag>
<tag>PageContent</tag>
<doc>Returns text attribute of the element found by ``selector``.</doc>
<status status="PASS" start="2025-01-12T22:04:24.235772" elapsed="0.039571"/>
</kw>
<status status="PASS" start="2025-01-12T22:04:24.109929" elapsed="0.165756"/>
</kw>
<kw name="Submit signup from" owner="SignupPage">
<kw name="Fill Text" owner="Browser">
<msg time="2025-01-12T22:04:24.277584" level="INFO">Fills the text 'Lucas' in the given field.</msg>
<arg>id=name</arg>
<arg>${user}[name]</arg>
<tag>PageContent</tag>
<tag>Setter</tag>
<doc>Clears and fills the given ``txt`` into the text field found by ``selector``.</doc>
<status status="PASS" start="2025-01-12T22:04:24.276997" elapsed="0.021489"/>
</kw>
<kw name="Fill Text" owner="Browser">
<msg time="2025-01-12T22:04:24.299393" level="INFO">Fills the text 'lucas@outlook.com' in the given field.</msg>
<arg>id=email</arg>
<arg>${user}[email]</arg>
<tag>PageContent</tag>
<tag>Setter</tag>
<doc>Clears and fills the given ``txt`` into the text field found by ``selector``.</doc>
<status status="PASS" start="2025-01-12T22:04:24.298736" elapsed="0.016074"/>
</kw>
<kw name="Fill Text" owner="Browser">
<msg time="2025-01-12T22:04:24.315675" level="INFO">Fills the text 'pwd123' in the given field.</msg>
<arg>id=password</arg>
<arg>${user}[password]</arg>
<tag>PageContent</tag>
<tag>Setter</tag>
<doc>Clears and fills the given ``txt`` into the text field found by ``selector``.</doc>
<status status="PASS" start="2025-01-12T22:04:24.315064" elapsed="0.018076"/>
</kw>
<kw name="Click" owner="Browser">
<msg time="2025-01-12T22:04:24.333943" level="INFO">Clicks the element 'css=button[type=submit] &gt;&gt; text=Cadastrar'.</msg>
<arg>css=button[type=submit] &gt;&gt; text=Cadastrar</arg>
<tag>PageContent</tag>
<tag>Setter</tag>
<doc>Simulates mouse click on the element found by ``selector``.</doc>
<status status="PASS" start="2025-01-12T22:04:24.333401" elapsed="0.080693"/>
</kw>
<arg>${user}</arg>
<status status="PASS" start="2025-01-12T22:04:24.276322" elapsed="0.138259"/>
</kw>
<kw name="notice should base" owner="SignupPage">
<kw name="Wait For Elements State" owner="Browser">
<msg time="2025-01-12T22:04:24.717808" level="INFO">Waited for Element with selector css=.notice p at state visible</msg>
<arg>css=.notice p</arg>
<arg>visible</arg>
<arg>5</arg>
<tag>PageContent</tag>
<tag>Wait</tag>
<doc>Waits for the element found by ``selector`` to satisfy state option.</doc>
<status status="PASS" start="2025-01-12T22:04:24.416586" elapsed="0.301543"/>
</kw>
<kw name="Get Text" owner="Browser">
<msg time="2025-01-12T22:04:24.749785" level="INFO">Text: 'Boas vindas ao Mark85, o seu gerenciador de tarefas.'</msg>
<arg>css=.notice p</arg>
<arg>equal</arg>
<arg>${expected_text}</arg>
<tag>Assertion</tag>
<tag>Getter</tag>
<tag>PageContent</tag>
<doc>Returns text attribute of the element found by ``selector``.</doc>
<status status="PASS" start="2025-01-12T22:04:24.718546" elapsed="0.031471"/>
</kw>
<arg>Boas vindas ao Mark85, o seu gerenciador de tarefas.</arg>
<status status="PASS" start="2025-01-12T22:04:24.415742" elapsed="0.334554"/>
</kw>
<kw name="Take Screenshot" owner="Browser" type="TEARDOWN">
<msg time="2025-01-12T22:04:25.005428" level="INFO" html="true">&lt;/td&gt;&lt;/tr&gt;&lt;tr&gt;&lt;td colspan="3"&gt;&lt;a href="browser/screenshot/robotframework-browser-screenshot-1.png" target="_blank"&gt;&lt;img src="browser/screenshot/robotframework-browser-screenshot-1.png" width="800px"/&gt;&lt;/a&gt;</msg>
<tag>PageContent</tag>
<doc>Takes a screenshot of the current window or element and saves it to disk.</doc>
<status status="PASS" start="2025-01-12T22:04:24.750942" elapsed="0.254624"/>
</kw>
<status status="PASS" start="2025-01-12T22:04:23.358750" elapsed="1.646981"/>
</test>
<test id="s1-s2-t2" name="Nao deve permitir o cadastro com email duplicado" line="24">
<kw name="Start Session" owner="base" type="SETUP">
<kw name="New Browser" owner="Browser">
<msg time="2025-01-12T22:04:25.060553" level="INFO">Switching browser to browser=04dace75-3da4-4ecf-a4e2-aff0fcce99c8</msg>
<msg time="2025-01-12T22:04:25.062114" level="INFO">Successfully changed active browser: browser=04dace75-3da4-4ecf-a4e2-aff0fcce99c8</msg>
<msg time="2025-01-12T22:04:25.062189" level="INFO">Reusing existing browser with id: browser=04dace75-3da4-4ecf-a4e2-aff0fcce99c8</msg>
<arg>browser=chromium</arg>
<arg>headless=False</arg>
<tag>BrowserControl</tag>
<tag>Setter</tag>
<doc>Create a new playwright Browser with specified options.</doc>
<status status="PASS" start="2025-01-12T22:04:25.060125" elapsed="0.002119"/>
</kw>
<kw name="New Page" owner="Browser">
<msg time="2025-01-12T22:04:25.556325" level="INFO">Successfully initialized new page object and opened url: http://localhost:3000/</msg>
<msg time="2025-01-12T22:04:25.556533" level="INFO">No context was open. New context was automatically opened when this page is created.</msg>
<arg>http://localhost:3000/</arg>
<tag>BrowserControl</tag>
<tag>Setter</tag>
<doc>Open a new Page.</doc>
<status status="PASS" start="2025-01-12T22:04:25.062388" elapsed="0.494554"/>
</kw>
<status status="PASS" start="2025-01-12T22:04:25.059822" elapsed="0.497479"/>
</kw>
<kw name="Create Dictionary" owner="BuiltIn">
<msg time="2025-01-12T22:04:25.559151" level="INFO">${user} = {'name': 'Lucas', 'email': 'lucas@outlook.com', 'password': 'pwd123'}</msg>
<var>${user}</var>
<arg>name=Lucas</arg>
<arg>email=lucas@outlook.com</arg>
<arg>password=pwd123</arg>
<doc>Creates and returns a dictionary based on the given ``items``.</doc>
<status status="PASS" start="2025-01-12T22:04:25.558033" elapsed="0.001247"/>
</kw>
<kw name="Remove user from database" owner="database">
<msg time="2025-01-12T22:04:25.588141" level="INFO">removing user by lucas@outlook.com</msg>
<arg>${user}[email]</arg>
<status status="PASS" start="2025-01-12T22:04:25.559954" elapsed="0.028299"/>
</kw>
<kw name="insert user from database" owner="database">
<msg time="2025-01-12T22:04:25.615052" level="INFO">{'name': 'Lucas', 'email': 'lucas@outlook.com', 'password': 'pwd123', '_id': ObjectId('6784669984054d97c5ecaaf4')}</msg>
<arg>${user}</arg>
<status status="PASS" start="2025-01-12T22:04:25.588555" elapsed="0.026608"/>
</kw>
<kw name="Go to signup Page" owner="SignupPage">
<kw name="Go To" owner="Browser">
<msg time="2025-01-12T22:04:25.669916" level="INFO">Successfully opened URL http://localhost:3000/signup</msg>
<arg>${BASE_URL}/signup</arg>
<tag>BrowserControl</tag>
<tag>Setter</tag>
<doc>Navigates to the given ``url``.</doc>
<status status="PASS" start="2025-01-12T22:04:25.615974" elapsed="0.054091"/>
</kw>
<kw name="Wait For Elements State" owner="Browser">
<msg time="2025-01-12T22:04:25.703025" level="INFO">Waited for Element with selector xpath=//h1[text()="Faça seu cadastro"] at state visible</msg>
<arg>xpath=//h1[text()="Faça seu cadastro"]</arg>
<arg>visible</arg>
<arg>5</arg>
<tag>PageContent</tag>
<tag>Wait</tag>
<doc>Waits for the element found by ``selector`` to satisfy state option.</doc>
<status status="PASS" start="2025-01-12T22:04:25.670251" elapsed="0.032914"/>
</kw>
<kw name="Get Text" owner="Browser">
<msg time="2025-01-12T22:04:25.728283" level="INFO">Text: 'Faça seu cadastro'</msg>
<arg>xpath=//h1[text()="Faça seu cadastro"]</arg>
<arg>equal</arg>
<arg>Faça seu cadastro</arg>
<tag>Assertion</tag>
<tag>Getter</tag>
<tag>PageContent</tag>
<doc>Returns text attribute of the element found by ``selector``.</doc>
<status status="PASS" start="2025-01-12T22:04:25.703402" elapsed="0.024988"/>
</kw>
<status status="PASS" start="2025-01-12T22:04:25.615527" elapsed="0.112974"/>
</kw>
<kw name="Submit signup from" owner="SignupPage">
<kw name="Fill Text" owner="Browser">
<msg time="2025-01-12T22:04:25.729467" level="INFO">Fills the text 'Lucas' in the given field.</msg>
<arg>id=name</arg>
<arg>${user}[name]</arg>
<tag>PageContent</tag>
<tag>Setter</tag>
<doc>Clears and fills the given ``txt`` into the text field found by ``selector``.</doc>
<status status="PASS" start="2025-01-12T22:04:25.729048" elapsed="0.015572"/>
</kw>
<kw name="Fill Text" owner="Browser">
<msg time="2025-01-12T22:04:25.745457" level="INFO">Fills the text 'lucas@outlook.com' in the given field.</msg>
<arg>id=email</arg>
<arg>${user}[email]</arg>
<tag>PageContent</tag>
<tag>Setter</tag>
<doc>Clears and fills the given ``txt`` into the text field found by ``selector``.</doc>
<status status="PASS" start="2025-01-12T22:04:25.744857" elapsed="0.010188"/>
</kw>
<kw name="Fill Text" owner="Browser">
<msg time="2025-01-12T22:04:25.755721" level="INFO">Fills the text 'pwd123' in the given field.</msg>
<arg>id=password</arg>
<arg>${user}[password]</arg>
<tag>PageContent</tag>
<tag>Setter</tag>
<doc>Clears and fills the given ``txt`` into the text field found by ``selector``.</doc>
<status status="PASS" start="2025-01-12T22:04:25.755248" elapsed="0.011560"/>
</kw>
<kw name="Click" owner="Browser">
<msg time="2025-01-12T22:04:25.767444" level="INFO">Clicks the element 'css=button[type=submit] &gt;&gt; text=Cadastrar'.</msg>
<arg>css=button[type=submit] &gt;&gt; text=Cadastrar</arg>
<tag>PageContent</tag>
<tag>Setter</tag>
<doc>Simulates mouse click on the element found by ``selector``.</doc>
<status status="PASS" start="2025-01-12T22:04:25.767014" elapsed="0.083224"/>
</kw>
<arg>${user}</arg>
<status status="PASS" start="2025-01-12T22:04:25.728721" elapsed="0.121650"/>
</kw>
<kw name="notice should base" owner="SignupPage">
<kw name="Wait For Elements State" owner="Browser">
<msg time="2025-01-12T22:04:25.882943" level="INFO">Waited for Element with selector css=.notice p at state visible</msg>
<arg>css=.notice p</arg>
<arg>visible</arg>
<arg>5</arg>
<tag>PageContent</tag>
<tag>Wait</tag>
<doc>Waits for the element found by ``selector`` to satisfy state option.</doc>
<status status="PASS" start="2025-01-12T22:04:25.851002" elapsed="0.032080"/>
</kw>
<kw name="Get Text" owner="Browser">
<msg time="2025-01-12T22:04:25.896226" level="INFO">Text: 'Oops! Já existe uma conta com o e-mail informado.'</msg>
<arg>css=.notice p</arg>
<arg>equal</arg>
<arg>${expected_text}</arg>
<tag>Assertion</tag>
<tag>Getter</tag>
<tag>PageContent</tag>
<doc>Returns text attribute of the element found by ``selector``.</doc>
<status status="PASS" start="2025-01-12T22:04:25.883254" elapsed="0.013138"/>
</kw>
<arg>Oops! Já existe uma conta com o e-mail informado.</arg>
<status status="PASS" start="2025-01-12T22:04:25.850614" elapsed="0.045895"/>
</kw>
<kw name="Remove user from database" owner="database">
<msg time="2025-01-12T22:04:25.922812" level="INFO">removing user by lucas@outlook.com</msg>
<arg>${user}[email]</arg>
<status status="PASS" start="2025-01-12T22:04:25.896696" elapsed="0.026202"/>
</kw>
<kw name="Take Screenshot" owner="Browser" type="TEARDOWN">
<msg time="2025-01-12T22:04:26.161955" level="INFO" html="true">&lt;/td&gt;&lt;/tr&gt;&lt;tr&gt;&lt;td colspan="3"&gt;&lt;a href="browser/screenshot/robotframework-browser-screenshot-2.png" target="_blank"&gt;&lt;img src="browser/screenshot/robotframework-browser-screenshot-2.png" width="800px"/&gt;&lt;/a&gt;</msg>
<tag>PageContent</tag>
<doc>Takes a screenshot of the current window or element and saves it to disk.</doc>
<status status="PASS" start="2025-01-12T22:04:25.923222" elapsed="0.238871"/>
</kw>
<tag>dup</tag>
<status status="PASS" start="2025-01-12T22:04:25.054729" elapsed="1.108070"/>
</test>
<status status="PASS" start="2025-01-12T22:04:23.139673" elapsed="3.070275"/>
</suite>
<status status="PASS" start="2025-01-12T22:04:21.343941" elapsed="4.871829"/>
</suite>
<statistics>
<total>
<stat pass="3" fail="0" skip="0">All Tests</stat>
</total>
<tag>
<stat pass="1" fail="0" skip="0">dup</stat>
</tag>
<suite>
<stat pass="3" fail="0" skip="0" id="s1" name="Tests-Gui">Tests-Gui</stat>
<stat pass="1" fail="0" skip="0" id="s1-s1" name="Online">Tests-Gui.Online</stat>
<stat pass="2" fail="0" skip="0" id="s1-s2" name="Signup">Tests-Gui.Signup</stat>
</suite>
</statistics>
<errors>
</errors>
</robot>
