<?xml version="1.0" encoding="UTF-8"?>
<robot generator="Robot 7.2 (Python 3.11.2 on linux)" generated="2025-01-18T16:47:02.300064" rpa="false" schemaversion="5">
<suite id="s1" name="Signup Attempt" source="/home/pontouser/Documents/QAx/projects/Robot-eXpress/tests/signup_attempt.robot">
<test id="s1-t1" name="Não deve cadastrar com senha de 1 digito." line="13">
<kw name="Start Session" owner="base" type="SETUP">
<kw name="New Browser" owner="Browser">
<msg time="2025-01-18T16:47:02.580111" level="INFO">{"browser": "chromium", "headless": false, "chromiumSandbox": false, "devtools": false, "handleSIGHUP": true, "handleSIGINT": true, "handleSIGTERM": true, "slowMo": 0.0, "timeout": 30000.0, "tracesDir": "/home/pontouser/Documents/QAx/projects/Robot-eXpress/logs/browser/traces/temp/259fb3b6-5098-4c91-919b-ff800253803c"}</msg>
<msg time="2025-01-18T16:47:02.584566" level="INFO">Starting Browser process /home/pontouser/Documents/QAx/projects/Robot-eXpress/curso-qax/lib/python3.11/site-packages/Browser/wrapper/index.js using port 56757</msg>
<msg time="2025-01-18T16:47:02.584659" level="INFO">Node startup parameters: ['node', '/home/pontouser/Documents/QAx/projects/Robot-eXpress/curso-qax/lib/python3.11/site-packages/Browser/wrapper/index.js', '56757']</msg>
<msg time="2025-01-18T16:47:03.274503" level="INFO">Successfully created browser with options: {"browser":"chromium","headless":false,"chromiumSandbox":false,"devtools":false,"handleSIGHUP":true,"handleSIGINT":true,"handleSIGTERM":true,"slowMo":0,"timeout":30000,"tracesDir":"/home/pontouser/Documents/QAx/projects/Robot-eXpress/logs/browser/traces/temp/259fb3b6-5098-4c91-919b-ff800253803c"}</msg>
<arg>browser=chromium</arg>
<arg>headless=False</arg>
<tag>BrowserControl</tag>
<tag>Setter</tag>
<doc>Create a new playwright Browser with specified options.</doc>
<status status="PASS" start="2025-01-18T16:47:02.579489" elapsed="0.695274"/>
</kw>
<kw name="New Page" owner="Browser">
<msg time="2025-01-18T16:47:03.859531" level="INFO">Successfully initialized new page object and opened url: http://localhost:3000/</msg>
<msg time="2025-01-18T16:47:03.859630" level="INFO">No context was open. New context was automatically opened when this page is created.</msg>
<arg>http://localhost:3000/</arg>
<tag>BrowserControl</tag>
<tag>Setter</tag>
<doc>Open a new Page.</doc>
<status status="PASS" start="2025-01-18T16:47:03.275000" elapsed="0.584782"/>
</kw>
<status status="PASS" start="2025-01-18T16:47:02.578828" elapsed="1.281145"/>
</kw>
<kw name="Short password">
<kw name="Create Dictionary" owner="BuiltIn">
<msg time="2025-01-18T16:47:03.861887" level="INFO">${user} = {'name': '', 'email': '', 'password': '1'}</msg>
<var>${user}</var>
<arg>name=${EMPTY}</arg>
<arg>email=${EMPTY}</arg>
<arg>password=${short_pass}</arg>
<doc>Creates and returns a dictionary based on the given ``items``.</doc>
<status status="PASS" start="2025-01-18T16:47:03.860745" elapsed="0.001204"/>
</kw>
<kw name="Go to signup Page" owner="SignupPage">
<kw name="Go To" owner="Browser">
<msg time="2025-01-18T16:47:03.916297" level="INFO">Successfully opened URL http://localhost:3000/signup</msg>
<arg>${BASE_URL}/signup</arg>
<tag>BrowserControl</tag>
<tag>Setter</tag>
<doc>Navigates to the given ``url``.</doc>
<status status="PASS" start="2025-01-18T16:47:03.862759" elapsed="0.053739"/>
</kw>
<kw name="Wait For Elements State" owner="Browser">
<msg time="2025-01-18T16:47:03.958673" level="INFO">Waited for Element with selector xpath=//h1[text()="Faça seu cadastro"] at state visible</msg>
<arg>xpath=//h1[text()="Faça seu cadastro"]</arg>
<arg>visible</arg>
<arg>5</arg>
<tag>PageContent</tag>
<tag>Wait</tag>
<doc>Waits for the element found by ``selector`` to satisfy state option.</doc>
<status status="PASS" start="2025-01-18T16:47:03.916767" elapsed="0.042050"/>
</kw>
<kw name="Get Text" owner="Browser">
<msg time="2025-01-18T16:47:03.990752" level="INFO">Text: 'Faça seu cadastro'</msg>
<arg>xpath=//h1[text()="Faça seu cadastro"]</arg>
<arg>equal</arg>
<arg>Faça seu cadastro</arg>
<tag>Assertion</tag>
<tag>Getter</tag>
<tag>PageContent</tag>
<doc>Returns text attribute of the element found by ``selector``.</doc>
<status status="PASS" start="2025-01-18T16:47:03.958996" elapsed="0.031882"/>
</kw>
<status status="PASS" start="2025-01-18T16:47:03.862259" elapsed="0.128733"/>
</kw>
<kw name="Submit signup from" owner="SignupPage">
<kw name="Fill Text" owner="Browser">
<msg time="2025-01-18T16:47:03.991996" level="INFO">Fills the text '' in the given field.</msg>
<arg>id=name</arg>
<arg>${user}[name]</arg>
<tag>PageContent</tag>
<tag>Setter</tag>
<doc>Clears and fills the given ``txt`` into the text field found by ``selector``.</doc>
<status status="PASS" start="2025-01-18T16:47:03.991590" elapsed="0.020691"/>
</kw>
<kw name="Fill Text" owner="Browser">
<msg time="2025-01-18T16:47:04.012944" level="INFO">Fills the text '' in the given field.</msg>
<arg>id=email</arg>
<arg>${user}[email]</arg>
<tag>PageContent</tag>
<tag>Setter</tag>
<doc>Clears and fills the given ``txt`` into the text field found by ``selector``.</doc>
<status status="PASS" start="2025-01-18T16:47:04.012496" elapsed="0.016423"/>
</kw>
<kw name="Fill Text" owner="Browser">
<msg time="2025-01-18T16:47:04.029586" level="INFO">Fills the text '1' in the given field.</msg>
<arg>id=password</arg>
<arg>${user}[password]</arg>
<tag>PageContent</tag>
<tag>Setter</tag>
<doc>Clears and fills the given ``txt`` into the text field found by ``selector``.</doc>
<status status="PASS" start="2025-01-18T16:47:04.029104" elapsed="0.014052"/>
</kw>
<kw name="Click" owner="Browser">
<msg time="2025-01-18T16:47:04.043767" level="INFO">Clicks the element 'css=button[type=submit] &gt;&gt; text=Cadastrar'.</msg>
<arg>css=button[type=submit] &gt;&gt; text=Cadastrar</arg>
<tag>PageContent</tag>
<tag>Setter</tag>
<doc>Simulates mouse click on the element found by ``selector``.</doc>
<status status="PASS" start="2025-01-18T16:47:04.043361" elapsed="0.056451"/>
</kw>
<arg>${user}</arg>
<status status="PASS" start="2025-01-18T16:47:03.991233" elapsed="0.108710"/>
</kw>
<kw name="Alert should be" owner="SignupPage">
<kw name="Wait For Elements State" owner="Browser">
<msg time="2025-01-18T16:47:04.107547" level="INFO">Waited for Element with selector css=.alert-error &gt;&gt; text=Informe uma senha com pelo menos 6 digitos at state visible</msg>
<arg>css=.alert-error &gt;&gt; text=${expect_text}</arg>
<arg>visible</arg>
<arg>5</arg>
<tag>PageContent</tag>
<tag>Wait</tag>
<doc>Waits for the element found by ``selector`` to satisfy state option.</doc>
<status status="PASS" start="2025-01-18T16:47:04.100472" elapsed="0.007235"/>
</kw>
<arg>Informe uma senha com pelo menos 6 digitos</arg>
<status status="PASS" start="2025-01-18T16:47:04.100122" elapsed="0.007688"/>
</kw>
<arg>1</arg>
<status status="PASS" start="2025-01-18T16:47:03.860275" elapsed="0.247597"/>
</kw>
<kw name="Take Screenshot" owner="Browser" type="TEARDOWN">
<msg time="2025-01-18T16:47:04.319482" level="INFO" html="true">&lt;/td&gt;&lt;/tr&gt;&lt;tr&gt;&lt;td colspan="3"&gt;&lt;a href="browser/screenshot/robotframework-browser-screenshot-1.png" target="_blank"&gt;&lt;img src="browser/screenshot/robotframework-browser-screenshot-1.png" width="800px"/&gt;&lt;/a&gt;</msg>
<tag>PageContent</tag>
<doc>Takes a screenshot of the current window or element and saves it to disk.</doc>
<status status="PASS" start="2025-01-18T16:47:04.108129" elapsed="0.211476"/>
</kw>
<msg time="2025-01-18T16:47:04.323550" level="INFO">Set timeout to: 10000</msg>
<msg time="2025-01-18T16:47:04.336052" level="INFO">Switching context to context=d7b743e6-0a91-4e8b-8025-6e06c712ad5e in CURRENT</msg>
<msg time="2025-01-18T16:47:04.344087" level="INFO">Successfully changed active context: context=d7b743e6-0a91-4e8b-8025-6e06c712ad5e</msg>
<msg time="2025-01-18T16:47:04.385511" level="INFO">Successfully closed Context</msg>
<status status="PASS" start="2025-01-18T16:47:02.578162" elapsed="1.741583"/>
</test>
<test id="s1-t2" name="Não deve cadastrar com senha de 2 digitos." line="14">
<kw name="Start Session" owner="base" type="SETUP">
<kw name="New Browser" owner="Browser">
<msg time="2025-01-18T16:47:04.394215" level="INFO">Switching browser to browser=13f5a727-91cd-484c-bb63-50929cbc35bd</msg>
<msg time="2025-01-18T16:47:04.399399" level="INFO">Successfully changed active browser: browser=13f5a727-91cd-484c-bb63-50929cbc35bd</msg>
<msg time="2025-01-18T16:47:04.399541" level="INFO">Reusing existing browser with id: browser=13f5a727-91cd-484c-bb63-50929cbc35bd</msg>
<arg>browser=chromium</arg>
<arg>headless=False</arg>
<tag>BrowserControl</tag>
<tag>Setter</tag>
<doc>Create a new playwright Browser with specified options.</doc>
<status status="PASS" start="2025-01-18T16:47:04.392890" elapsed="0.006737"/>
</kw>
<kw name="New Page" owner="Browser">
<msg time="2025-01-18T16:47:04.993843" level="INFO">Successfully initialized new page object and opened url: http://localhost:3000/</msg>
<msg time="2025-01-18T16:47:04.993984" level="INFO">No context was open. New context was automatically opened when this page is created.</msg>
<arg>http://localhost:3000/</arg>
<tag>BrowserControl</tag>
<tag>Setter</tag>
<doc>Open a new Page.</doc>
<status status="PASS" start="2025-01-18T16:47:04.399829" elapsed="0.594324"/>
</kw>
<status status="PASS" start="2025-01-18T16:47:04.390018" elapsed="0.604347"/>
</kw>
<kw name="Short password">
<kw name="Create Dictionary" owner="BuiltIn">
<msg time="2025-01-18T16:47:04.996491" level="INFO">${user} = {'name': '', 'email': '', 'password': '12'}</msg>
<var>${user}</var>
<arg>name=${EMPTY}</arg>
<arg>email=${EMPTY}</arg>
<arg>password=${short_pass}</arg>
<doc>Creates and returns a dictionary based on the given ``items``.</doc>
<status status="PASS" start="2025-01-18T16:47:04.995143" elapsed="0.001409"/>
</kw>
<kw name="Go to signup Page" owner="SignupPage">
<kw name="Go To" owner="Browser">
<msg time="2025-01-18T16:47:05.057956" level="INFO">Successfully opened URL http://localhost:3000/signup</msg>
<arg>${BASE_URL}/signup</arg>
<tag>BrowserControl</tag>
<tag>Setter</tag>
<doc>Navigates to the given ``url``.</doc>
<status status="PASS" start="2025-01-18T16:47:04.997288" elapsed="0.060967"/>
</kw>
<kw name="Wait For Elements State" owner="Browser">
<msg time="2025-01-18T16:47:05.090522" level="INFO">Waited for Element with selector xpath=//h1[text()="Faça seu cadastro"] at state visible</msg>
<arg>xpath=//h1[text()="Faça seu cadastro"]</arg>
<arg>visible</arg>
<arg>5</arg>
<tag>PageContent</tag>
<tag>Wait</tag>
<doc>Waits for the element found by ``selector`` to satisfy state option.</doc>
<status status="PASS" start="2025-01-18T16:47:05.058477" elapsed="0.032263"/>
</kw>
<kw name="Get Text" owner="Browser">
<msg time="2025-01-18T16:47:05.116849" level="INFO">Text: 'Faça seu cadastro'</msg>
<arg>xpath=//h1[text()="Faça seu cadastro"]</arg>
<arg>equal</arg>
<arg>Faça seu cadastro</arg>
<tag>Assertion</tag>
<tag>Getter</tag>
<tag>PageContent</tag>
<doc>Returns text attribute of the element found by ``selector``.</doc>
<status status="PASS" start="2025-01-18T16:47:05.090957" elapsed="0.026010"/>
</kw>
<status status="PASS" start="2025-01-18T16:47:04.996810" elapsed="0.120265"/>
</kw>
<kw name="Submit signup from" owner="SignupPage">
<kw name="Fill Text" owner="Browser">
<msg time="2025-01-18T16:47:05.118117" level="INFO">Fills the text '' in the given field.</msg>
<arg>id=name</arg>
<arg>${user}[name]</arg>
<tag>PageContent</tag>
<tag>Setter</tag>
<doc>Clears and fills the given ``txt`` into the text field found by ``selector``.</doc>
<status status="PASS" start="2025-01-18T16:47:05.117593" elapsed="0.021608"/>
</kw>
<kw name="Fill Text" owner="Browser">
<msg time="2025-01-18T16:47:05.140490" level="INFO">Fills the text '' in the given field.</msg>
<arg>id=email</arg>
<arg>${user}[email]</arg>
<tag>PageContent</tag>
<tag>Setter</tag>
<doc>Clears and fills the given ``txt`` into the text field found by ``selector``.</doc>
<status status="PASS" start="2025-01-18T16:47:05.139552" elapsed="0.011809"/>
</kw>
<kw name="Fill Text" owner="Browser">
<msg time="2025-01-18T16:47:05.152325" level="INFO">Fills the text '12' in the given field.</msg>
<arg>id=password</arg>
<arg>${user}[password]</arg>
<tag>PageContent</tag>
<tag>Setter</tag>
<doc>Clears and fills the given ``txt`` into the text field found by ``selector``.</doc>
<status status="PASS" start="2025-01-18T16:47:05.151567" elapsed="0.014117"/>
</kw>
<kw name="Click" owner="Browser">
<msg time="2025-01-18T16:47:05.166262" level="INFO">Clicks the element 'css=button[type=submit] &gt;&gt; text=Cadastrar'.</msg>
<arg>css=button[type=submit] &gt;&gt; text=Cadastrar</arg>
<tag>PageContent</tag>
<tag>Setter</tag>
<doc>Simulates mouse click on the element found by ``selector``.</doc>
<status status="PASS" start="2025-01-18T16:47:05.165861" elapsed="0.067444"/>
</kw>
<arg>${user}</arg>
<status status="PASS" start="2025-01-18T16:47:05.117245" elapsed="0.116181"/>
</kw>
<kw name="Alert should be" owner="SignupPage">
<kw name="Wait For Elements State" owner="Browser">
<msg time="2025-01-18T16:47:05.243725" level="INFO">Waited for Element with selector css=.alert-error &gt;&gt; text=Informe uma senha com pelo menos 6 digitos at state visible</msg>
<arg>css=.alert-error &gt;&gt; text=${expect_text}</arg>
<arg>visible</arg>
<arg>5</arg>
<tag>PageContent</tag>
<tag>Wait</tag>
<doc>Waits for the element found by ``selector`` to satisfy state option.</doc>
<status status="PASS" start="2025-01-18T16:47:05.233917" elapsed="0.009946"/>
</kw>
<arg>Informe uma senha com pelo menos 6 digitos</arg>
<status status="PASS" start="2025-01-18T16:47:05.233608" elapsed="0.010356"/>
</kw>
<arg>12</arg>
<status status="PASS" start="2025-01-18T16:47:04.994661" elapsed="0.249361"/>
</kw>
<kw name="Take Screenshot" owner="Browser" type="TEARDOWN">
<msg time="2025-01-18T16:47:05.442252" level="INFO" html="true">&lt;/td&gt;&lt;/tr&gt;&lt;tr&gt;&lt;td colspan="3"&gt;&lt;a href="browser/screenshot/robotframework-browser-screenshot-2.png" target="_blank"&gt;&lt;img src="browser/screenshot/robotframework-browser-screenshot-2.png" width="800px"/&gt;&lt;/a&gt;</msg>
<tag>PageContent</tag>
<doc>Takes a screenshot of the current window or element and saves it to disk.</doc>
<status status="PASS" start="2025-01-18T16:47:05.244336" elapsed="0.198041"/>
</kw>
<msg time="2025-01-18T16:47:05.444373" level="INFO">Set timeout to: 10000</msg>
<msg time="2025-01-18T16:47:05.456021" level="INFO">Switching context to context=958c087b-e651-4300-985c-1ad900ae6d9a in CURRENT</msg>
<msg time="2025-01-18T16:47:05.463710" level="INFO">Successfully changed active context: context=958c087b-e651-4300-985c-1ad900ae6d9a</msg>
<msg time="2025-01-18T16:47:05.509018" level="INFO">Successfully closed Context</msg>
<status status="PASS" start="2025-01-18T16:47:04.386279" elapsed="1.056261"/>
</test>
<test id="s1-t3" name="Não deve cadastrar com senha de 3 digitos." line="15">
<kw name="Start Session" owner="base" type="SETUP">
<kw name="New Browser" owner="Browser">
<msg time="2025-01-18T16:47:05.514830" level="INFO">Switching browser to browser=13f5a727-91cd-484c-bb63-50929cbc35bd</msg>
<msg time="2025-01-18T16:47:05.517020" level="INFO">Successfully changed active browser: browser=13f5a727-91cd-484c-bb63-50929cbc35bd</msg>
<msg time="2025-01-18T16:47:05.517120" level="INFO">Reusing existing browser with id: browser=13f5a727-91cd-484c-bb63-50929cbc35bd</msg>
<arg>browser=chromium</arg>
<arg>headless=False</arg>
<tag>BrowserControl</tag>
<tag>Setter</tag>
<doc>Create a new playwright Browser with specified options.</doc>
<status status="PASS" start="2025-01-18T16:47:05.514005" elapsed="0.003203"/>
</kw>
<kw name="New Page" owner="Browser">
<msg time="2025-01-18T16:47:06.046178" level="INFO">Successfully initialized new page object and opened url: http://localhost:3000/</msg>
<msg time="2025-01-18T16:47:06.046248" level="INFO">No context was open. New context was automatically opened when this page is created.</msg>
<arg>http://localhost:3000/</arg>
<tag>BrowserControl</tag>
<tag>Setter</tag>
<doc>Open a new Page.</doc>
<status status="PASS" start="2025-01-18T16:47:05.517386" elapsed="0.528983"/>
</kw>
<status status="PASS" start="2025-01-18T16:47:05.513484" elapsed="0.533014"/>
</kw>
<kw name="Short password">
<kw name="Create Dictionary" owner="BuiltIn">
<msg time="2025-01-18T16:47:06.048570" level="INFO">${user} = {'name': '', 'email': '', 'password': '123'}</msg>
<var>${user}</var>
<arg>name=${EMPTY}</arg>
<arg>email=${EMPTY}</arg>
<arg>password=${short_pass}</arg>
<doc>Creates and returns a dictionary based on the given ``items``.</doc>
<status status="PASS" start="2025-01-18T16:47:06.047544" elapsed="0.001087"/>
</kw>
<kw name="Go to signup Page" owner="SignupPage">
<kw name="Go To" owner="Browser">
<msg time="2025-01-18T16:47:06.100761" level="INFO">Successfully opened URL http://localhost:3000/signup</msg>
<arg>${BASE_URL}/signup</arg>
<tag>BrowserControl</tag>
<tag>Setter</tag>
<doc>Navigates to the given ``url``.</doc>
<status status="PASS" start="2025-01-18T16:47:06.049290" elapsed="0.051648"/>
</kw>
<kw name="Wait For Elements State" owner="Browser">
<msg time="2025-01-18T16:47:06.128281" level="INFO">Waited for Element with selector xpath=//h1[text()="Faça seu cadastro"] at state visible</msg>
<arg>xpath=//h1[text()="Faça seu cadastro"]</arg>
<arg>visible</arg>
<arg>5</arg>
<tag>PageContent</tag>
<tag>Wait</tag>
<doc>Waits for the element found by ``selector`` to satisfy state option.</doc>
<status status="PASS" start="2025-01-18T16:47:06.101173" elapsed="0.027246"/>
</kw>
<kw name="Get Text" owner="Browser">
<msg time="2025-01-18T16:47:06.151129" level="INFO">Text: 'Faça seu cadastro'</msg>
<arg>xpath=//h1[text()="Faça seu cadastro"]</arg>
<arg>equal</arg>
<arg>Faça seu cadastro</arg>
<tag>Assertion</tag>
<tag>Getter</tag>
<tag>PageContent</tag>
<doc>Returns text attribute of the element found by ``selector``.</doc>
<status status="PASS" start="2025-01-18T16:47:06.128582" elapsed="0.022682"/>
</kw>
<status status="PASS" start="2025-01-18T16:47:06.048879" elapsed="0.102488"/>
</kw>
<kw name="Submit signup from" owner="SignupPage">
<kw name="Fill Text" owner="Browser">
<msg time="2025-01-18T16:47:06.152389" level="INFO">Fills the text '' in the given field.</msg>
<arg>id=name</arg>
<arg>${user}[name]</arg>
<tag>PageContent</tag>
<tag>Setter</tag>
<doc>Clears and fills the given ``txt`` into the text field found by ``selector``.</doc>
<status status="PASS" start="2025-01-18T16:47:06.151914" elapsed="0.015620"/>
</kw>
<kw name="Fill Text" owner="Browser">
<msg time="2025-01-18T16:47:06.168227" level="INFO">Fills the text '' in the given field.</msg>
<arg>id=email</arg>
<arg>${user}[email]</arg>
<tag>PageContent</tag>
<tag>Setter</tag>
<doc>Clears and fills the given ``txt`` into the text field found by ``selector``.</doc>
<status status="PASS" start="2025-01-18T16:47:06.167716" elapsed="0.011962"/>
</kw>
<kw name="Fill Text" owner="Browser">
<msg time="2025-01-18T16:47:06.180326" level="INFO">Fills the text '123' in the given field.</msg>
<arg>id=password</arg>
<arg>${user}[password]</arg>
<tag>PageContent</tag>
<tag>Setter</tag>
<doc>Clears and fills the given ``txt`` into the text field found by ``selector``.</doc>
<status status="PASS" start="2025-01-18T16:47:06.179860" elapsed="0.012105"/>
</kw>
<kw name="Click" owner="Browser">
<msg time="2025-01-18T16:47:06.192605" level="INFO">Clicks the element 'css=button[type=submit] &gt;&gt; text=Cadastrar'.</msg>
<arg>css=button[type=submit] &gt;&gt; text=Cadastrar</arg>
<tag>PageContent</tag>
<tag>Setter</tag>
<doc>Simulates mouse click on the element found by ``selector``.</doc>
<status status="PASS" start="2025-01-18T16:47:06.192149" elapsed="0.057567"/>
</kw>
<arg>${user}</arg>
<status status="PASS" start="2025-01-18T16:47:06.151528" elapsed="0.098455"/>
</kw>
<kw name="Alert should be" owner="SignupPage">
<kw name="Wait For Elements State" owner="Browser">
<msg time="2025-01-18T16:47:06.261501" level="INFO">Waited for Element with selector css=.alert-error &gt;&gt; text=Informe uma senha com pelo menos 6 digitos at state visible</msg>
<arg>css=.alert-error &gt;&gt; text=${expect_text}</arg>
<arg>visible</arg>
<arg>5</arg>
<tag>PageContent</tag>
<tag>Wait</tag>
<doc>Waits for the element found by ``selector`` to satisfy state option.</doc>
<status status="PASS" start="2025-01-18T16:47:06.250853" elapsed="0.010781"/>
</kw>
<arg>Informe uma senha com pelo menos 6 digitos</arg>
<status status="PASS" start="2025-01-18T16:47:06.250245" elapsed="0.011491"/>
</kw>
<arg>123</arg>
<status status="PASS" start="2025-01-18T16:47:06.046977" elapsed="0.214818"/>
</kw>
<kw name="Take Screenshot" owner="Browser" type="TEARDOWN">
<msg time="2025-01-18T16:47:06.474851" level="INFO" html="true">&lt;/td&gt;&lt;/tr&gt;&lt;tr&gt;&lt;td colspan="3"&gt;&lt;a href="browser/screenshot/robotframework-browser-screenshot-3.png" target="_blank"&gt;&lt;img src="browser/screenshot/robotframework-browser-screenshot-3.png" width="800px"/&gt;&lt;/a&gt;</msg>
<tag>PageContent</tag>
<doc>Takes a screenshot of the current window or element and saves it to disk.</doc>
<status status="PASS" start="2025-01-18T16:47:06.262096" elapsed="0.213035"/>
</kw>
<msg time="2025-01-18T16:47:06.477309" level="INFO">Set timeout to: 10000</msg>
<msg time="2025-01-18T16:47:06.487614" level="INFO">Switching context to context=c12757db-1a8b-4519-b3a6-5c2b07fb90c8 in CURRENT</msg>
<msg time="2025-01-18T16:47:06.495593" level="INFO">Successfully changed active context: context=c12757db-1a8b-4519-b3a6-5c2b07fb90c8</msg>
<msg time="2025-01-18T16:47:06.524336" level="INFO">Successfully closed Context</msg>
<status status="PASS" start="2025-01-18T16:47:05.509963" elapsed="0.965367"/>
</test>
<test id="s1-t4" name="Não deve cadastrar com senha de 4 digitos." line="16">
<kw name="Start Session" owner="base" type="SETUP">
<kw name="New Browser" owner="Browser">
<msg time="2025-01-18T16:47:06.529227" level="INFO">Switching browser to browser=13f5a727-91cd-484c-bb63-50929cbc35bd</msg>
<msg time="2025-01-18T16:47:06.532211" level="INFO">Successfully changed active browser: browser=13f5a727-91cd-484c-bb63-50929cbc35bd</msg>
<msg time="2025-01-18T16:47:06.532360" level="INFO">Reusing existing browser with id: browser=13f5a727-91cd-484c-bb63-50929cbc35bd</msg>
<arg>browser=chromium</arg>
<arg>headless=False</arg>
<tag>BrowserControl</tag>
<tag>Setter</tag>
<doc>Create a new playwright Browser with specified options.</doc>
<status status="PASS" start="2025-01-18T16:47:06.528523" elapsed="0.003908"/>
</kw>
<kw name="New Page" owner="Browser">
<msg time="2025-01-18T16:47:07.059478" level="INFO">Successfully initialized new page object and opened url: http://localhost:3000/</msg>
<msg time="2025-01-18T16:47:07.059564" level="INFO">No context was open. New context was automatically opened when this page is created.</msg>
<arg>http://localhost:3000/</arg>
<tag>BrowserControl</tag>
<tag>Setter</tag>
<doc>Open a new Page.</doc>
<status status="PASS" start="2025-01-18T16:47:06.532606" elapsed="0.527099"/>
</kw>
<status status="PASS" start="2025-01-18T16:47:06.527543" elapsed="0.532327"/>
</kw>
<kw name="Short password">
<kw name="Create Dictionary" owner="BuiltIn">
<msg time="2025-01-18T16:47:07.061506" level="INFO">${user} = {'name': '', 'email': '', 'password': '123a'}</msg>
<var>${user}</var>
<arg>name=${EMPTY}</arg>
<arg>email=${EMPTY}</arg>
<arg>password=${short_pass}</arg>
<doc>Creates and returns a dictionary based on the given ``items``.</doc>
<status status="PASS" start="2025-01-18T16:47:07.060652" elapsed="0.000904"/>
</kw>
<kw name="Go to signup Page" owner="SignupPage">
<kw name="Go To" owner="Browser">
<msg time="2025-01-18T16:47:07.112700" level="INFO">Successfully opened URL http://localhost:3000/signup</msg>
<arg>${BASE_URL}/signup</arg>
<tag>BrowserControl</tag>
<tag>Setter</tag>
<doc>Navigates to the given ``url``.</doc>
<status status="PASS" start="2025-01-18T16:47:07.062202" elapsed="0.050637"/>
</kw>
<kw name="Wait For Elements State" owner="Browser">
<msg time="2025-01-18T16:47:07.143561" level="INFO">Waited for Element with selector xpath=//h1[text()="Faça seu cadastro"] at state visible</msg>
<arg>xpath=//h1[text()="Faça seu cadastro"]</arg>
<arg>visible</arg>
<arg>5</arg>
<tag>PageContent</tag>
<tag>Wait</tag>
<doc>Waits for the element found by ``selector`` to satisfy state option.</doc>
<status status="PASS" start="2025-01-18T16:47:07.113027" elapsed="0.030789"/>
</kw>
<kw name="Get Text" owner="Browser">
<msg time="2025-01-18T16:47:07.166505" level="INFO">Text: 'Faça seu cadastro'</msg>
<arg>xpath=//h1[text()="Faça seu cadastro"]</arg>
<arg>equal</arg>
<arg>Faça seu cadastro</arg>
<tag>Assertion</tag>
<tag>Getter</tag>
<tag>PageContent</tag>
<doc>Returns text attribute of the element found by ``selector``.</doc>
<status status="PASS" start="2025-01-18T16:47:07.144095" elapsed="0.022517"/>
</kw>
<status status="PASS" start="2025-01-18T16:47:07.061873" elapsed="0.104842"/>
</kw>
<kw name="Submit signup from" owner="SignupPage">
<kw name="Fill Text" owner="Browser">
<msg time="2025-01-18T16:47:07.167677" level="INFO">Fills the text '' in the given field.</msg>
<arg>id=name</arg>
<arg>${user}[name]</arg>
<tag>PageContent</tag>
<tag>Setter</tag>
<doc>Clears and fills the given ``txt`` into the text field found by ``selector``.</doc>
<status status="PASS" start="2025-01-18T16:47:07.167279" elapsed="0.016556"/>
</kw>
<kw name="Fill Text" owner="Browser">
<msg time="2025-01-18T16:47:07.184473" level="INFO">Fills the text '' in the given field.</msg>
<arg>id=email</arg>
<arg>${user}[email]</arg>
<tag>PageContent</tag>
<tag>Setter</tag>
<doc>Clears and fills the given ``txt`` into the text field found by ``selector``.</doc>
<status status="PASS" start="2025-01-18T16:47:07.184015" elapsed="0.012369"/>
</kw>
<kw name="Fill Text" owner="Browser">
<msg time="2025-01-18T16:47:07.197013" level="INFO">Fills the text '123a' in the given field.</msg>
<arg>id=password</arg>
<arg>${user}[password]</arg>
<tag>PageContent</tag>
<tag>Setter</tag>
<doc>Clears and fills the given ``txt`` into the text field found by ``selector``.</doc>
<status status="PASS" start="2025-01-18T16:47:07.196560" elapsed="0.012610"/>
</kw>
<kw name="Click" owner="Browser">
<msg time="2025-01-18T16:47:07.209782" level="INFO">Clicks the element 'css=button[type=submit] &gt;&gt; text=Cadastrar'.</msg>
<arg>css=button[type=submit] &gt;&gt; text=Cadastrar</arg>
<tag>PageContent</tag>
<tag>Setter</tag>
<doc>Simulates mouse click on the element found by ``selector``.</doc>
<status status="PASS" start="2025-01-18T16:47:07.209384" elapsed="0.056669"/>
</kw>
<arg>${user}</arg>
<status status="PASS" start="2025-01-18T16:47:07.166893" elapsed="0.099301"/>
</kw>
<kw name="Alert should be" owner="SignupPage">
<kw name="Wait For Elements State" owner="Browser">
<msg time="2025-01-18T16:47:07.272399" level="INFO">Waited for Element with selector css=.alert-error &gt;&gt; text=Informe uma senha com pelo menos 6 digitos at state visible</msg>
<arg>css=.alert-error &gt;&gt; text=${expect_text}</arg>
<arg>visible</arg>
<arg>5</arg>
<tag>PageContent</tag>
<tag>Wait</tag>
<doc>Waits for the element found by ``selector`` to satisfy state option.</doc>
<status status="PASS" start="2025-01-18T16:47:07.266685" elapsed="0.005871"/>
</kw>
<arg>Informe uma senha com pelo menos 6 digitos</arg>
<status status="PASS" start="2025-01-18T16:47:07.266377" elapsed="0.006330"/>
</kw>
<arg>123a</arg>
<status status="PASS" start="2025-01-18T16:47:07.060150" elapsed="0.212650"/>
</kw>
<kw name="Take Screenshot" owner="Browser" type="TEARDOWN">
<msg time="2025-01-18T16:47:07.458093" level="INFO" html="true">&lt;/td&gt;&lt;/tr&gt;&lt;tr&gt;&lt;td colspan="3"&gt;&lt;a href="browser/screenshot/robotframework-browser-screenshot-4.png" target="_blank"&gt;&lt;img src="browser/screenshot/robotframework-browser-screenshot-4.png" width="800px"/&gt;&lt;/a&gt;</msg>
<tag>PageContent</tag>
<doc>Takes a screenshot of the current window or element and saves it to disk.</doc>
<status status="PASS" start="2025-01-18T16:47:07.273164" elapsed="0.185065"/>
</kw>
<msg time="2025-01-18T16:47:07.460490" level="INFO">Set timeout to: 10000</msg>
<msg time="2025-01-18T16:47:07.469747" level="INFO">Switching context to context=7cfa0f9a-ab96-489e-9028-33221a08b107 in CURRENT</msg>
<msg time="2025-01-18T16:47:07.478300" level="INFO">Successfully changed active context: context=7cfa0f9a-ab96-489e-9028-33221a08b107</msg>
<msg time="2025-01-18T16:47:07.515517" level="INFO">Successfully closed Context</msg>
<status status="PASS" start="2025-01-18T16:47:06.524825" elapsed="0.933540"/>
</test>
<test id="s1-t5" name="Não deve cadastrar com senha de 5 digitos." line="17">
<kw name="Start Session" owner="base" type="SETUP">
<kw name="New Browser" owner="Browser">
<msg time="2025-01-18T16:47:07.522041" level="INFO">Switching browser to browser=13f5a727-91cd-484c-bb63-50929cbc35bd</msg>
<msg time="2025-01-18T16:47:07.524046" level="INFO">Successfully changed active browser: browser=13f5a727-91cd-484c-bb63-50929cbc35bd</msg>
<msg time="2025-01-18T16:47:07.524167" level="INFO">Reusing existing browser with id: browser=13f5a727-91cd-484c-bb63-50929cbc35bd</msg>
<arg>browser=chromium</arg>
<arg>headless=False</arg>
<tag>BrowserControl</tag>
<tag>Setter</tag>
<doc>Create a new playwright Browser with specified options.</doc>
<status status="PASS" start="2025-01-18T16:47:07.520273" elapsed="0.003955"/>
</kw>
<kw name="New Page" owner="Browser">
<msg time="2025-01-18T16:47:08.030184" level="INFO">Successfully initialized new page object and opened url: http://localhost:3000/</msg>
<msg time="2025-01-18T16:47:08.030271" level="INFO">No context was open. New context was automatically opened when this page is created.</msg>
<arg>http://localhost:3000/</arg>
<tag>BrowserControl</tag>
<tag>Setter</tag>
<doc>Open a new Page.</doc>
<status status="PASS" start="2025-01-18T16:47:07.524412" elapsed="0.506078"/>
</kw>
<status status="PASS" start="2025-01-18T16:47:07.519875" elapsed="0.510763"/>
</kw>
<kw name="Short password">
<kw name="Create Dictionary" owner="BuiltIn">
<msg time="2025-01-18T16:47:08.032276" level="INFO">${user} = {'name': '', 'email': '', 'password': '123ab'}</msg>
<var>${user}</var>
<arg>name=${EMPTY}</arg>
<arg>email=${EMPTY}</arg>
<arg>password=${short_pass}</arg>
<doc>Creates and returns a dictionary based on the given ``items``.</doc>
<status status="PASS" start="2025-01-18T16:47:08.031420" elapsed="0.000925"/>
</kw>
<kw name="Go to signup Page" owner="SignupPage">
<kw name="Go To" owner="Browser">
<msg time="2025-01-18T16:47:08.093918" level="INFO">Successfully opened URL http://localhost:3000/signup</msg>
<arg>${BASE_URL}/signup</arg>
<tag>BrowserControl</tag>
<tag>Setter</tag>
<doc>Navigates to the given ``url``.</doc>
<status status="PASS" start="2025-01-18T16:47:08.032955" elapsed="0.061172"/>
</kw>
<kw name="Wait For Elements State" owner="Browser">
<msg time="2025-01-18T16:47:08.124967" level="INFO">Waited for Element with selector xpath=//h1[text()="Faça seu cadastro"] at state visible</msg>
<arg>xpath=//h1[text()="Faça seu cadastro"]</arg>
<arg>visible</arg>
<arg>5</arg>
<tag>PageContent</tag>
<tag>Wait</tag>
<doc>Waits for the element found by ``selector`` to satisfy state option.</doc>
<status status="PASS" start="2025-01-18T16:47:08.094337" elapsed="0.030895"/>
</kw>
<kw name="Get Text" owner="Browser">
<msg time="2025-01-18T16:47:08.150875" level="INFO">Text: 'Faça seu cadastro'</msg>
<arg>xpath=//h1[text()="Faça seu cadastro"]</arg>
<arg>equal</arg>
<arg>Faça seu cadastro</arg>
<tag>Assertion</tag>
<tag>Getter</tag>
<tag>PageContent</tag>
<doc>Returns text attribute of the element found by ``selector``.</doc>
<status status="PASS" start="2025-01-18T16:47:08.125459" elapsed="0.025518"/>
</kw>
<status status="PASS" start="2025-01-18T16:47:08.032572" elapsed="0.118546"/>
</kw>
<kw name="Submit signup from" owner="SignupPage">
<kw name="Fill Text" owner="Browser">
<msg time="2025-01-18T16:47:08.152046" level="INFO">Fills the text '' in the given field.</msg>
<arg>id=name</arg>
<arg>${user}[name]</arg>
<tag>PageContent</tag>
<tag>Setter</tag>
<doc>Clears and fills the given ``txt`` into the text field found by ``selector``.</doc>
<status status="PASS" start="2025-01-18T16:47:08.151628" elapsed="0.018358"/>
</kw>
<kw name="Fill Text" owner="Browser">
<msg time="2025-01-18T16:47:08.171691" level="INFO">Fills the text '' in the given field.</msg>
<arg>id=email</arg>
<arg>${user}[email]</arg>
<tag>PageContent</tag>
<tag>Setter</tag>
<doc>Clears and fills the given ``txt`` into the text field found by ``selector``.</doc>
<status status="PASS" start="2025-01-18T16:47:08.170339" elapsed="0.011239"/>
</kw>
<kw name="Fill Text" owner="Browser">
<msg time="2025-01-18T16:47:08.182281" level="INFO">Fills the text '123ab' in the given field.</msg>
<arg>id=password</arg>
<arg>${user}[password]</arg>
<tag>PageContent</tag>
<tag>Setter</tag>
<doc>Clears and fills the given ``txt`` into the text field found by ``selector``.</doc>
<status status="PASS" start="2025-01-18T16:47:08.181810" elapsed="0.013402"/>
</kw>
<kw name="Click" owner="Browser">
<msg time="2025-01-18T16:47:08.195808" level="INFO">Clicks the element 'css=button[type=submit] &gt;&gt; text=Cadastrar'.</msg>
<arg>css=button[type=submit] &gt;&gt; text=Cadastrar</arg>
<tag>PageContent</tag>
<tag>Setter</tag>
<doc>Simulates mouse click on the element found by ``selector``.</doc>
<status status="PASS" start="2025-01-18T16:47:08.195412" elapsed="0.056846"/>
</kw>
<arg>${user}</arg>
<status status="PASS" start="2025-01-18T16:47:08.151302" elapsed="0.101113"/>
</kw>
<kw name="Alert should be" owner="SignupPage">
<kw name="Wait For Elements State" owner="Browser">
<msg time="2025-01-18T16:47:08.259332" level="INFO">Waited for Element with selector css=.alert-error &gt;&gt; text=Informe uma senha com pelo menos 6 digitos at state visible</msg>
<arg>css=.alert-error &gt;&gt; text=${expect_text}</arg>
<arg>visible</arg>
<arg>5</arg>
<tag>PageContent</tag>
<tag>Wait</tag>
<doc>Waits for the element found by ``selector`` to satisfy state option.</doc>
<status status="PASS" start="2025-01-18T16:47:08.252923" elapsed="0.006548"/>
</kw>
<arg>Informe uma senha com pelo menos 6 digitos</arg>
<status status="PASS" start="2025-01-18T16:47:08.252607" elapsed="0.006966"/>
</kw>
<arg>123ab</arg>
<status status="PASS" start="2025-01-18T16:47:08.030920" elapsed="0.228713"/>
</kw>
<kw name="Take Screenshot" owner="Browser" type="TEARDOWN">
<msg time="2025-01-18T16:47:08.457698" level="INFO" html="true">&lt;/td&gt;&lt;/tr&gt;&lt;tr&gt;&lt;td colspan="3"&gt;&lt;a href="browser/screenshot/robotframework-browser-screenshot-5.png" target="_blank"&gt;&lt;img src="browser/screenshot/robotframework-browser-screenshot-5.png" width="800px"/&gt;&lt;/a&gt;</msg>
<tag>PageContent</tag>
<doc>Takes a screenshot of the current window or element and saves it to disk.</doc>
<status status="PASS" start="2025-01-18T16:47:08.259983" elapsed="0.197840"/>
</kw>
<msg time="2025-01-18T16:47:08.459768" level="INFO">Set timeout to: 10000</msg>
<msg time="2025-01-18T16:47:08.469317" level="INFO">Switching context to context=0accbf33-02c1-4e38-938c-fce5e495a179 in CURRENT</msg>
<msg time="2025-01-18T16:47:08.476801" level="INFO">Successfully changed active context: context=0accbf33-02c1-4e38-938c-fce5e495a179</msg>
<msg time="2025-01-18T16:47:08.520586" level="INFO">Successfully closed Context</msg>
<status status="PASS" start="2025-01-18T16:47:07.516640" elapsed="0.941320"/>
</test>
<status status="PASS" start="2025-01-18T16:47:02.301059" elapsed="6.220305"/>
</suite>
<statistics>
<total>
<stat pass="5" fail="0" skip="0">All Tests</stat>
</total>
<tag>
</tag>
<suite>
<stat name="Signup Attempt" id="s1" pass="5" fail="0" skip="0">Signup Attempt</stat>
</suite>
</statistics>
<errors>
</errors>
</robot>
